2025-04-16 15:08:34   Defined reference frequency for open boundary condition (0.425 GHz) is larger
                      than the lowest relevant system frequency (monitor at 0.15 GHz).
                      Please check the Settings for PML Boundary (Simulation > Settings > Boundary
                      Conditions > Open Boundary) to ensure accurate monitor results for the lowest
                      frequency of interest. More...

                      ------------------------------------------------------------------------------
2025-04-16 15:08:34   *** Warning ***

                      The monitor loss (f=0.7) is only available for dielectric or magnetic losses
                      and will be ignored.

                      ------------------------------------------------------------------------------
2025-04-16 15:08:34   *** Warning ***

                      The monitor loss (f=0.6) is only available for dielectric or magnetic losses
                      and will be ignored.

                      ------------------------------------------------------------------------------
2025-04-16 15:08:34   *** Warning ***

                      The monitor loss (f=0.5) is only available for dielectric or magnetic losses
                      and will be ignored.

                      ------------------------------------------------------------------------------
2025-04-16 15:08:34   *** Warning ***

                      The monitor loss (f=0.425) is only available for dielectric or magnetic losses
                      and will be ignored.

                      ------------------------------------------------------------------------------
2025-04-16 15:08:34   *** Warning ***

                      The monitor loss (f=0.4) is only available for dielectric or magnetic losses
                      and will be ignored.

                      ------------------------------------------------------------------------------
2025-04-16 15:08:34   *** Warning ***

                      The monitor loss (f=0.3) is only available for dielectric or magnetic losses
                      and will be ignored.

                      ------------------------------------------------------------------------------
2025-04-16 15:08:34   *** Warning ***

                      The monitor loss (f=0.2) is only available for dielectric or magnetic losses
                      and will be ignored.

                      ------------------------------------------------------------------------------
2025-04-16 15:08:34   *** Warning ***

                      The monitor loss (f=0.15) is only available for dielectric or magnetic losses
                      and will be ignored.

                      ------------------------------------------------------------------------------
2025-04-16 15:08:34   The following farfield monitor(s) have been adjusted to model box [-507.855,
                      507.855, -30.8549, 7.85491, -2.85491, 1662.85]:
                        farfield (f=0.15), farfield (f=0.2), farfield (f=0.235), farfield (f=0.3),
                      farfield (f=0.4), farfield (f=0.425), farfield (f=0.5), farfield (f=0.6),
                      farfield (f=0.7).
                      For further information please check the page "Special Solver Parameters -
                      Solver" in the Online Help.

                      ------------------------------------------------------------------------------
2025-04-16 15:08:34   According to the selected features the <Time Domain Solver (HEX)> will be
                      started.

                      ------------------------------------------------------------------------------
2025-04-16 15:08:35   
                      Solver started at: 2025-04-16 15:08:35 +0200

                        Module:  Time Domain: S-Parameter (Win 64)
                        Version: 2025.0 Release from 2024-08-30 (change 1315043)

2025-04-16 15:08:35   

                      ------------------------------------------------------------------------------
2025-04-16 15:08:35   Hardware Accelerator Device infos:
                      - The environment variable CST_HWACC_ALLOW_UNVERIFIED_HARDWARE is set to allow all GPUs. Please consider to set 
                      CUDA_VISIBLE_DEVICES to limit the available devices.
                      - CUDA_MODULE_LOADING is set to: LAZY


                      ------------------------------------------------------------------------------
2025-04-16 15:08:35   ======================================================================
                       Solver cycle: 1
                      ======================================================================

                      Stimulation at discrete port 1 



                      ------------------------------------------------------------------------------
2025-04-16 15:08:36   Units settings: 

                        Dimensions: mm
                        Frequency:  GHz
                        Time:       ns

                      ------------------------------------------------------------------------------
2025-04-16 15:08:36   The dispersive material update [Automatic] will be performed using the "Standard" update schema

                      ------------------------------------------------------------------------------
2025-04-16 15:09:32   The following discrete edge port is connected to metal material:
                      	1

                      ------------------------------------------------------------------------------
2025-04-16 15:09:32   *** Warning ***

2025-04-16 15:09:32   8249 mesh edges are represented in staircase mode and have been filled with PEC.
                      10938 mesh edges are partially filled with PEC.
                       More...

                      ------------------------------------------------------------------------------
2025-04-16 15:09:34   Mesh statistics:

                         Hexahedral mesh type: Perfect Boundary Approximation (PBA)
                            Version: default

                         Parallelization type: domain decomposition
                            Number of parallel working threads: 18
                            Number of calculation domains used: 40

                         Used point accuracy enhancement value: 0.00%.
                         Acceleration mode @ parallelization-node 0: CPU [requested GPU]
                         Total valid GPU count:0
                         PBA fill limit: 85.00% (inverse)
                         Acceleration mode @ parallelization-node 1: CPU [requested GPU]
                         Acceleration mode @ parallelization-node 2: CPU [requested GPU]
                         Acceleration mode @ parallelization-node 3: CPU [requested GPU]
                         Acceleration mode @ parallelization-node 4: CPU [requested GPU]
                         Acceleration mode @ parallelization-node 5: CPU [requested GPU]
                         Acceleration mode @ parallelization-node 6: CPU [requested GPU]
                         Acceleration mode @ parallelization-node 7: CPU [requested GPU]
                         Acceleration mode @ parallelization-node 8: CPU [requested GPU]
                         Acceleration mode @ parallelization-node 9: CPU [requested GPU]
                         Acceleration mode @ parallelization-node 10: CPU [requested GPU]
                         Acceleration mode @ parallelization-node 11: CPU [requested GPU]
                         Acceleration mode @ parallelization-node 12: CPU [requested GPU]
                         Acceleration mode @ parallelization-node 13: CPU [requested GPU]
                         Acceleration mode @ parallelization-node 14: CPU [requested GPU]
                         Acceleration mode @ parallelization-node 15: CPU [requested GPU]
                         Acceleration mode @ parallelization-node 16: CPU [requested GPU]
                         Acceleration mode @ parallelization-node 17: CPU [requested GPU]
                         Acceleration mode @ parallelization-node 18: CPU [requested GPU]
                         Acceleration mode @ parallelization-node 19: CPU [requested GPU]
                         Acceleration mode @ parallelization-node 20: CPU [requested GPU]
                         Acceleration mode @ parallelization-node 21: CPU [requested GPU]
                         Acceleration mode @ parallelization-node 22: CPU [requested GPU]
                         Acceleration mode @ parallelization-node 23: CPU [requested GPU]
                         Acceleration mode @ parallelization-node 24: CPU [requested GPU]
                         Acceleration mode @ parallelization-node 25: CPU [requested GPU]
                         Acceleration mode @ parallelization-node 26: CPU [requested GPU]
                         Acceleration mode @ parallelization-node 27: CPU [requested GPU]
                         Acceleration mode @ parallelization-node 28: CPU [requested GPU]
                         Acceleration mode @ parallelization-node 29: CPU [requested GPU]
                         Acceleration mode @ parallelization-node 30: CPU [requested GPU]
                         Acceleration mode @ parallelization-node 31: CPU [requested GPU]
                         Acceleration mode @ parallelization-node 32: CPU [requested GPU]
                         Acceleration mode @ parallelization-node 33: CPU [requested GPU]
                         Acceleration mode @ parallelization-node 34: CPU [requested GPU]
                         Acceleration mode @ parallelization-node 35: CPU [requested GPU]
                         Acceleration mode @ parallelization-node 36: CPU [requested GPU]
                         Acceleration mode @ parallelization-node 37: CPU [requested GPU]
                         Acceleration mode @ parallelization-node 38: CPU [requested GPU]
                         Acceleration mode @ parallelization-node 39: CPU [requested GPU]

2025-04-16 15:09:57   Boundary conditions: 

                        YZsymmetry: none
                        XZsymmetry: none
                        XYsymmetry: none

                        Xmin: expanded open, 4 Layer, depth 114.119 mm
                        Xmax: expanded open, 4 Layer, depth 114.119 mm

                        Ymin: expanded open, 4 Layer, depth 114.012 mm
                        Ymax: expanded open, 4 Layer, depth 114.012 mm

                        Zmin: expanded open, 4 Layer, depth 114.012 mm
                        Zmax: expanded open, 4 Layer, depth 114.012 mm

                        PML-Type: Convolution PML

                      ------------------------------------------------------------------------------
2025-04-16 15:09:57   Frequency settings: 

                        Fmin:         0.15
                        Fmax:         0.7
                        Nfsteps(lin): 1001

                      ------------------------------------------------------------------------------
2025-04-16 15:09:57   Field update statistics:

                        Number of components in total: 	15433336
                        Number of TST and special elements:	9946
                        Number of lossy metal components:	43812

                      Subcycling state:      			Automatically deactivated

                      ------------------------------------------------------------------------------
2025-04-16 15:09:57   Port: 1

2025-04-16 15:09:57     Discrete element, reference impedance = 75 Ohm

                      ------------------------------------------------------------------------------
2025-04-16 15:09:58   far field monitors are not calculated on GPU

                      ------------------------------------------------------------------------------
2025-04-16 15:09:58   far field monitors are not calculated on GPU:
                       - ff monitors can be calculated on GPU only for standard ff monitor setups


                      ------------------------------------------------------------------------------
2025-04-16 15:09:58   3D freq. monitors are calculated on GPU

                      ------------------------------------------------------------------------------
2025-04-16 15:09:58   Feature memory distribution of used GPU RAM:
                      	 15 %	 core model
                      	 80 %	 3D freq. monitors
                      	  5 %	 open boundary
                      	  0 %	 lossy metal
                      	  0 %	 lossy metal power loss monitors


                      ------------------------------------------------------------------------------
2025-04-16 15:10:09   Synchronous communication is used for GPU Computing.

                      ------------------------------------------------------------------------------
2025-04-16 15:17:06   
                      --------------------------------------------------------------------------------
2025-04-16 15:17:06   *** Warning ***

2025-04-16 15:17:06   Maximum number of pulse widths simulated, solver stopped.
                      Please note that the steady state criterion [energy or port signal] could not have been satisfied. More...

                      ------------------------------------------------------------------------------
2025-04-16 15:17:06   Frequency domain results normalized to default signal.


                      ------------------------------------------------------------------------------
2025-04-16 15:17:06   
                        ----------------------------------------------------------------------------
                                            Peak memory used (kB)         Free physical memory (kB) 
                                                                          At begin     Minimum      
                        ----------------------------------------------------------------------------
                        CAD preparation     14388                         19637612     19637612     
                        Matrices calc.      1074168                       19436523     17064732     
                        Solver run total    1566700                       19670048     14994096     
                        ----------------------------------------------------------------------------

                      --------------------------------------------------------------------------------
                      Solver Statistics:

                        Hardware:
                           Computer name:                 	DESKTOP-KD8FOS5 

                           Number of CPU threads:               10
                           hardware type:                  	1 OpenCL GPU solver, Ellesmere
                           GPU memory usage:            	  approx. 20 %

                        Number of mesh cells:             	2527470
                        Excitation duration:              	1.29256318e+001 ns 
                        Calculation time for excitation:  	0 	s
                        Number of calculated pulse widths:	20 
                        Steady state accuracy limit:      	-80	dB 
                        Simulated number of time steps:   	58042 
                        Maximum number of time steps:     	58042 
                        Time step width:
                           without subcycles:             	4.453878724e-003 ns
                           used:                          	4.453878724e-003 ns

                        CAD preparation time:             	1      	s
                        Matrix calculation time:          	76 	s
                        Solver setup time:                	16 	s
                        Solver loop time:                 	407 	s
                        Solver post-processing time:      	8 	s
                                                          	------------
                        Total solver time:                	508 	s  ( = 0 h, 8 m, 28 s )

                      ------------------------------------------------------------------------------
2025-04-16 15:17:06   
                        Total solver time (all cycles):      	508    	s  ( = 0 h, 8 m, 28 s )
                        Solver initialization and clean-up:  	3      	s
                                                             	------------
                        Total simulation time:               	511    	s  ( = 0 h, 8 m, 31 s )

                      ------------------------------------------------------------------------------
2025-04-16 15:17:06   Solver finished at: 2025-04-16 15:17:06 +0200



                      ------------------------------------------------------------------------------
2025-04-16 15:17:07   The data for field source monitor "field-source (f=0.678)" was written to the
                      file "field-source (f=0.678)_1.fsm".

                      ------------------------------------------------------------------------------
2025-04-16 15:18:21   Creating parametric 1D results for Run ID 1

                      ------------------------------------------------------------------------------
