Unknown:
C:\Users\Bartosz\Desktop\repozytoria\anten_TV\antena\Result\Estimate (#0000).err
C:\Users\Bartosz\Desktop\repozytoria\anten_TV\antena\Result\farfield (f=0.15)2D_1.ffp
C:\Users\Bartosz\Desktop\repozytoria\anten_TV\antena\Result\farfield (f=0.15)_1.fme
C:\Users\Bartosz\Desktop\repozytoria\anten_TV\antena\Result\farfield (f=0.2)2D_1.ffp
C:\Users\Bartosz\Desktop\repozytoria\anten_TV\antena\Result\farfield (f=0.2)_1.fme
C:\Users\Bartosz\Desktop\repozytoria\anten_TV\antena\Result\farfield (f=0.235)2D_1.ffp
C:\Users\Bartosz\Desktop\repozytoria\anten_TV\antena\Result\farfield (f=0.235)_1.fme
C:\Users\Bartosz\Desktop\repozytoria\anten_TV\antena\Result\farfield (f=0.3)2D_1.ffp
C:\Users\Bartosz\Desktop\repozytoria\anten_TV\antena\Result\farfield (f=0.3)_1.fme
C:\Users\Bartosz\Desktop\repozytoria\anten_TV\antena\Result\farfield (f=0.4)2D_1.ffp
C:\Users\Bartosz\Desktop\repozytoria\anten_TV\antena\Result\farfield (f=0.4)_1.fme
C:\Users\Bartosz\Desktop\repozytoria\anten_TV\antena\Result\farfield (f=0.425)2D_1.ffp
C:\Users\Bartosz\Desktop\repozytoria\anten_TV\antena\Result\farfield (f=0.425)_1.fme
C:\Users\Bartosz\Desktop\repozytoria\anten_TV\antena\Result\farfield (f=0.5)2D_1.ffp
C:\Users\Bartosz\Desktop\repozytoria\anten_TV\antena\Result\farfield (f=0.5)_1.fme
C:\Users\Bartosz\Desktop\repozytoria\anten_TV\antena\Result\farfield (f=0.6)2D_1.ffp
C:\Users\Bartosz\Desktop\repozytoria\anten_TV\antena\Result\farfield (f=0.6)_1.fme
C:\Users\Bartosz\Desktop\repozytoria\anten_TV\antena\Result\farfield (f=0.7)2D_1.ffp
C:\Users\Bartosz\Desktop\repozytoria\anten_TV\antena\Result\farfield (f=0.7)_1.fme
C:\Users\Bartosz\Desktop\repozytoria\anten_TV\antena\Result\field-source (f=0.678)_e-field(#0009)_1(1).sct
C:\Users\Bartosz\Desktop\repozytoria\anten_TV\antena\Result\field-source (f=0.678)_h-field(#0009)_1(1).sct
C:\Users\Bartosz\Desktop\repozytoria\anten_TV\antena\Result\hardware_resources.sconf
C:\Users\Bartosz\Desktop\repozytoria\anten_TV\antena\Result\ml_info.log
C:\Users\Bartosz\Desktop\repozytoria\anten_TV\antena\Result\Model.log
C:\Users\Bartosz\Desktop\repozytoria\anten_TV\antena\Result\Model.sa
C:\Users\Bartosz\Desktop\repozytoria\anten_TV\antena\Result\Postprocessing.log
C:\Users\Bartosz\Desktop\repozytoria\anten_TV\antena\Result\SolCoef(#0000)_1(1).scf
C:\Users\Bartosz\Desktop\repozytoria\anten_TV\antena\Result\SolCoef(#0001)_1(1).scf
C:\Users\Bartosz\Desktop\repozytoria\anten_TV\antena\Result\SolCoef(#0002)_1(1).scf
C:\Users\Bartosz\Desktop\repozytoria\anten_TV\antena\Result\SolCoef(#0003)_1(1).scf
C:\Users\Bartosz\Desktop\repozytoria\anten_TV\antena\Result\SolCoef(#0004)_1(1).scf
C:\Users\Bartosz\Desktop\repozytoria\anten_TV\antena\Result\SolCoef(#0005)_1(1).scf
C:\Users\Bartosz\Desktop\repozytoria\anten_TV\antena\Result\SolCoef(#0006)_1(1).scf
C:\Users\Bartosz\Desktop\repozytoria\anten_TV\antena\Result\SolCoef(#0007)_1(1).scf
C:\Users\Bartosz\Desktop\repozytoria\anten_TV\antena\Result\SolCoef(#0008)_1(1).scf
C:\Users\Bartosz\Desktop\repozytoria\anten_TV\antena\Result\SolCoef(#0009)_1(1).scf
Mesh:
C:\Users\Bartosz\Desktop\repozytoria\anten_TV\antena\Result\3do.slim
C:\Users\Bartosz\Desktop\repozytoria\anten_TV\antena\Result\bad0.tet
C:\Users\Bartosz\Desktop\repozytoria\anten_TV\antena\Result\log.tet
C:\Users\Bartosz\Desktop\repozytoria\anten_TV\antena\Result\Mesh_Input.E2F.tet
C:\Users\Bartosz\Desktop\repozytoria\anten_TV\antena\Result\Mesh_Input.Entities2Mesh.tet
C:\Users\Bartosz\Desktop\repozytoria\anten_TV\antena\Result\Mesh_Input.Options.tet
C:\Users\Bartosz\Desktop\repozytoria\anten_TV\antena\Result\Mesh_Input.QuasiModel.tet
C:\Users\Bartosz\Desktop\repozytoria\anten_TV\antena\Result\Mesh_Output.QuasiModel.tet
C:\Users\Bartosz\Desktop\repozytoria\anten_TV\antena\Result\Mesh_Output.U2F.tet
C:\Users\Bartosz\Desktop\repozytoria\anten_TV\antena\Result\mir.tet
C:\Users\Bartosz\Desktop\repozytoria\anten_TV\antena\Result\moegeom.tet
C:\Users\Bartosz\Desktop\repozytoria\anten_TV\antena\Result\reftags.tet
C:\Users\Bartosz\Desktop\repozytoria\anten_TV\antena\Result\tetquality.tet
C:\Users\Bartosz\Desktop\repozytoria\anten_TV\antena\Result\topot.tet
Port:
C:\Users\Bartosz\Desktop\repozytoria\anten_TV\antena\Result\Model.pmi
