Unknown:
E:\antenaTV\antena\Result\farfield (f=0.15)2D_1.ffp
E:\antenaTV\antena\Result\farfield (f=0.15)_1.fme
E:\antenaTV\antena\Result\farfield (f=0.2)2D_1.ffp
E:\antenaTV\antena\Result\farfield (f=0.2)_1.fme
E:\antenaTV\antena\Result\farfield (f=0.3)2D_1.ffp
E:\antenaTV\antena\Result\farfield (f=0.3)_1.fme
E:\antenaTV\antena\Result\farfield (f=0.4)2D_1.ffp
E:\antenaTV\antena\Result\farfield (f=0.4)_1.fme
E:\antenaTV\antena\Result\farfield (f=0.425)2D_1.ffp
E:\antenaTV\antena\Result\farfield (f=0.425)_1.fme
E:\antenaTV\antena\Result\farfield (f=0.5)2D_1.ffp
E:\antenaTV\antena\Result\farfield (f=0.5)_1.fme
E:\antenaTV\antena\Result\farfield (f=0.6)2D_1.ffp
E:\antenaTV\antena\Result\farfield (f=0.6)_1.fme
E:\antenaTV\antena\Result\farfield (f=0.7)2D_1.ffp
E:\antenaTV\antena\Result\farfield (f=0.7)_1.fme
E:\antenaTV\antena\Result\hardware_resources.sconf
E:\antenaTV\antena\Result\Hex.gap
E:\antenaTV\antena\Result\MCalc.ddi
E:\antenaTV\antena\Result\MCalc.log
E:\antenaTV\antena\Result\ml_info.log
E:\antenaTV\antena\Result\Model.axg
E:\antenaTV\antena\Result\Model.coco
E:\antenaTV\antena\Result\Model.ddi
E:\antenaTV\antena\Result\Model.log
E:\antenaTV\antena\Result\Model.sa
E:\antenaTV\antena\Result\Model.sam
E:\antenaTV\antena\Result\ModelPBA.axg
E:\antenaTV\antena\Result\m^fifx.dsc
E:\antenaTV\antena\Result\m^fqq.dsc
E:\antenaTV\antena\Result\Ports.web
E:\antenaTV\antena\Result\PP-MCalc.log
E:\antenaTV\antena\Result\PP-Prio.log
E:\antenaTV\antena\Result\p^a.dsc
E:\antenaTV\antena\Result\P^m^fbqq.slog
E:\antenaTV\antena\Result\P^m^fqq.slog
E:\antenaTV\antena\Result\P^p^m.slog
E:\antenaTV\antena\Result\P^s^pm.slog
E:\antenaTV\antena\Result\WEP.log
Mesh:
E:\antenaTV\antena\Result\dA.mat
E:\antenaTV\antena\Result\dad.mat
E:\antenaTV\antena\Result\ds.mat
E:\antenaTV\antena\Result\dsd.mat
E:\antenaTV\antena\Result\dsMCalc.mat
E:\antenaTV\antena\Result\Eps.mat
E:\antenaTV\antena\Result\HexMatrix.m2h
E:\antenaTV\antena\Result\HexMatrix^f^d^1.m2h
E:\antenaTV\antena\Result\HexMatrix^f^n^1.m2h
E:\antenaTV\antena\Result\HexMatrix_MCalc.m2h
E:\antenaTV\antena\Result\MCalc.fmp
E:\antenaTV\antena\Result\MCalc.xcfd
E:\antenaTV\antena\Result\MCalcCCS_c.mson
E:\antenaTV\antena\Result\Meta.m2h
E:\antenaTV\antena\Result\Model-fmf.msqlite
E:\antenaTV\antena\Result\Model.cct
E:\antenaTV\antena\Result\Model.fmf
E:\antenaTV\antena\Result\Model.fmm
E:\antenaTV\antena\Result\Model.fpc
E:\antenaTV\antena\Result\Model.fwf
E:\antenaTV\antena\Result\Model.sic
E:\antenaTV\antena\Result\Model.sid
E:\antenaTV\antena\Result\Model.spi
E:\antenaTV\antena\Result\Model.xcfd
E:\antenaTV\antena\Result\Mue.mat
E:\antenaTV\antena\Result\m^fqq.mem
E:\antenaTV\antena\Result\PEC.mat
E:\antenaTV\antena\Result\Ports.fpt
E:\antenaTV\antena\Result\p^a.mem
E:\antenaTV\antena\Result\p^m.mem
E:\antenaTV\antena\Result\Rho.mat
E:\antenaTV\antena\Result\S2HMatrix.m2h
E:\antenaTV\antena\Result\Shapes.con
E:\antenaTV\antena\Result\s^pm.mem
Port:
E:\antenaTV\antena\Result\Model.pmi
